<?xml version="1.0" encoding="UTF-8"?>
<testng-results skipped="0" failed="0" ignored="0" total="7" passed="7">
  <reporter-output>
  </reporter-output>
  <suite name="Default suite" duration-ms="29414" started-at="2021-03-02T16:00:35Z" finished-at="2021-03-02T16:01:05Z">
    <groups>
      <group name="cucumber">
        <method signature="AbstractTestNGCucumberTests.runScenario(io.cucumber.testng.PickleWrapper, io.cucumber.testng.FeatureWrapper)[pri:0, instance:parallel.ParallelRun@1700915]" name="runScenario" class="io.cucumber.testng.AbstractTestNGCucumberTests"/>
      </group> <!-- cucumber -->
    </groups>
    <test name="Default test" duration-ms="29414" started-at="2021-03-02T16:00:35Z" finished-at="2021-03-02T16:01:05Z">
      <class name="parallel.ParallelRun">
        <test-method status="PASS" signature="setUpClass()[pri:0, instance:parallel.ParallelRun@1700915]" name="setUpClass" is-config="true" duration-ms="1365" started-at="2021-03-02T16:00:35Z" finished-at="2021-03-02T16:00:37Z">
          <reporter-output>
          </reporter-output>
        </test-method> <!-- setUpClass -->
        <test-method status="PASS" signature="runScenario(io.cucumber.testng.PickleWrapper, io.cucumber.testng.FeatureWrapper)[pri:0, instance:parallel.ParallelRun@1700915]" name="runScenario" duration-ms="26905" started-at="2021-03-02T16:00:37Z" description="Runs Cucumber Scenarios" data-provider="scenarios" finished-at="2021-03-02T16:01:04Z">
          <params>
            <param index="0">
              <value>
                <![CDATA["Accounts section count"]]>
              </value>
            </param>
            <param index="1">
              <value>
                <![CDATA["Optional[Account feature page]"]]>
              </value>
            </param>
          </params>
          <reporter-output>
          </reporter-output>
        </test-method> <!-- runScenario -->
        <test-method status="PASS" signature="runScenario(io.cucumber.testng.PickleWrapper, io.cucumber.testng.FeatureWrapper)[pri:0, instance:parallel.ParallelRun@1700915]" name="runScenario" duration-ms="27161" started-at="2021-03-02T16:00:37Z" description="Runs Cucumber Scenarios" data-provider="scenarios" finished-at="2021-03-02T16:01:04Z">
          <params>
            <param index="0">
              <value>
                <![CDATA["Accounts page title"]]>
              </value>
            </param>
            <param index="1">
              <value>
                <![CDATA["Optional[Account feature page]"]]>
              </value>
            </param>
          </params>
          <reporter-output>
          </reporter-output>
        </test-method> <!-- runScenario -->
        <test-method status="PASS" signature="runScenario(io.cucumber.testng.PickleWrapper, io.cucumber.testng.FeatureWrapper)[pri:0, instance:parallel.ParallelRun@1700915]" name="runScenario" duration-ms="27362" started-at="2021-03-02T16:00:37Z" description="Runs Cucumber Scenarios" data-provider="scenarios" finished-at="2021-03-02T16:01:04Z">
          <params>
            <param index="0">
              <value>
                <![CDATA["Contact Us scenario with different set of data"]]>
              </value>
            </param>
            <param index="1">
              <value>
                <![CDATA["Optional[Contact Us Feature]"]]>
              </value>
            </param>
          </params>
          <reporter-output>
          </reporter-output>
        </test-method> <!-- runScenario -->
        <test-method status="PASS" signature="runScenario(io.cucumber.testng.PickleWrapper, io.cucumber.testng.FeatureWrapper)[pri:0, instance:parallel.ParallelRun@1700915]" name="runScenario" duration-ms="27048" started-at="2021-03-02T16:00:37Z" description="Runs Cucumber Scenarios" data-provider="scenarios" finished-at="2021-03-02T16:01:04Z">
          <params>
            <param index="0">
              <value>
                <![CDATA["Contact Us scenario with different set of data"]]>
              </value>
            </param>
            <param index="1">
              <value>
                <![CDATA["Optional[Contact Us Feature]"]]>
              </value>
            </param>
          </params>
          <reporter-output>
          </reporter-output>
        </test-method> <!-- runScenario -->
        <test-method status="PASS" signature="runScenario(io.cucumber.testng.PickleWrapper, io.cucumber.testng.FeatureWrapper)[pri:0, instance:parallel.ParallelRun@1700915]" name="runScenario" duration-ms="22108" started-at="2021-03-02T16:00:37Z" description="Runs Cucumber Scenarios" data-provider="scenarios" finished-at="2021-03-02T16:00:59Z">
          <params>
            <param index="0">
              <value>
                <![CDATA["Login page title"]]>
              </value>
            </param>
            <param index="1">
              <value>
                <![CDATA["Optional[Login page feature notes]"]]>
              </value>
            </param>
          </params>
          <reporter-output>
          </reporter-output>
        </test-method> <!-- runScenario -->
        <test-method status="PASS" signature="runScenario(io.cucumber.testng.PickleWrapper, io.cucumber.testng.FeatureWrapper)[pri:0, instance:parallel.ParallelRun@1700915]" name="runScenario" duration-ms="23101" started-at="2021-03-02T16:00:37Z" description="Runs Cucumber Scenarios" data-provider="scenarios" finished-at="2021-03-02T16:01:00Z">
          <params>
            <param index="0">
              <value>
                <![CDATA["Forgot password link"]]>
              </value>
            </param>
            <param index="1">
              <value>
                <![CDATA["Optional[Login page feature notes]"]]>
              </value>
            </param>
          </params>
          <reporter-output>
          </reporter-output>
        </test-method> <!-- runScenario -->
        <test-method status="PASS" signature="runScenario(io.cucumber.testng.PickleWrapper, io.cucumber.testng.FeatureWrapper)[pri:0, instance:parallel.ParallelRun@1700915]" name="runScenario" duration-ms="22526" started-at="2021-03-02T16:00:37Z" description="Runs Cucumber Scenarios" data-provider="scenarios" finished-at="2021-03-02T16:00:59Z">
          <params>
            <param index="0">
              <value>
                <![CDATA["Login with correct  credentials"]]>
              </value>
            </param>
            <param index="1">
              <value>
                <![CDATA["Optional[Login page feature notes]"]]>
              </value>
            </param>
          </params>
          <reporter-output>
          </reporter-output>
        </test-method> <!-- runScenario -->
        <test-method status="PASS" signature="tearDownClass()[pri:0, instance:parallel.ParallelRun@1700915]" name="tearDownClass" is-config="true" duration-ms="604" started-at="2021-03-02T16:01:04Z" finished-at="2021-03-02T16:01:05Z">
          <reporter-output>
          </reporter-output>
        </test-method> <!-- tearDownClass -->
      </class> <!-- parallel.ParallelRun -->
    </test> <!-- Default test -->
  </suite> <!-- Default suite -->
</testng-results>
